[2024-06-15 01:11:14,329: INFO: main: Welcome to out custom log]
[2024-06-15 01:56:55,472: INFO: common: yaml file: config\config.yaml loaded successfully]
[2024-06-15 01:56:55,498: INFO: common: yaml file: params.yaml loaded successfully]
[2024-06-15 01:56:55,503: INFO: common: created directory at: artifacts]
[2024-06-15 01:56:55,507: INFO: common: created directory at: artifacts/data_ingestion]
[2024-06-15 01:56:55,509: INFO: 1405764235: Downloading data from https://drive.google.com/file/d/1vlhZ5c7abUKF8xXERIw6m9Te8fW7ohw3/view?usp=sharing into file artifacts/data_ingestion/data.zip]
[2024-06-15 01:57:02,855: INFO: 1405764235: Downloaded data from https://drive.google.com/file/d/1vlhZ5c7abUKF8xXERIw6m9Te8fW7ohw3/view?usp=sharing into file artifacts/data_ingestion/data.zip]
[2024-06-15 02:14:17,416: INFO: main: >>>>>> stage Data Ingestion started <<<<<<]
[2024-06-15 02:14:17,418: INFO: common: yaml file: config\config.yaml loaded successfully]
[2024-06-15 02:14:17,418: INFO: common: yaml file: params.yaml loaded successfully]
[2024-06-15 02:14:17,431: INFO: common: created directory at: artifacts]
[2024-06-15 02:14:17,432: INFO: common: created directory at: artifacts/data_ingestion]
[2024-06-15 02:14:17,433: INFO: data_ingestion: Downloading data from https://drive.google.com/file/d/1vlhZ5c7abUKF8xXERIw6m9Te8fW7ohw3/view?usp=sharing into file artifacts/data_ingestion/data.zip]
[2024-06-15 02:14:23,872: INFO: data_ingestion: Downloaded data from https://drive.google.com/file/d/1vlhZ5c7abUKF8xXERIw6m9Te8fW7ohw3/view?usp=sharing into file artifacts/data_ingestion/data.zip]
[2024-06-15 02:14:24,962: INFO: data_ingestion: Unzipped data to artifacts/data_ingestion]
[2024-06-15 02:14:24,963: INFO: main: >>>>>> stage Data Ingestion completed <<<<<<

]
[2024-06-15 16:50:07,272: INFO: common: yaml file: config\config.yaml loaded successfully]
[2024-06-15 16:50:07,290: INFO: common: yaml file: params.yaml loaded successfully]
[2024-06-15 16:50:07,305: INFO: common: created directory at: artifacts]
[2024-06-15 16:50:07,309: INFO: common: created directory at: artifacts/prepare_base_model]
[2024-06-15 16:50:12,921: WARNING: saving_utils: Compiled the loaded model, but the compiled metrics have yet to be built. `model.compile_metrics` will be empty until you train or evaluate the model.]
[2024-06-15 16:59:34,557: INFO: main: >>>>>> stage Prepare Base Model started <<<<<<]
[2024-06-15 16:59:34,561: INFO: common: yaml file: config\config.yaml loaded successfully]
[2024-06-15 16:59:34,563: INFO: common: yaml file: params.yaml loaded successfully]
[2024-06-15 16:59:34,564: INFO: common: created directory at: artifacts]
[2024-06-15 16:59:34,565: INFO: common: created directory at: artifacts/prepare_base_model]
[2024-06-15 16:59:35,081: WARNING: saving_utils: Compiled the loaded model, but the compiled metrics have yet to be built. `model.compile_metrics` will be empty until you train or evaluate the model.]
[2024-06-15 16:59:35,199: INFO: prepare_base: Base Model saved successfully at artifacts\prepare_base_model\base_model.h5]
[2024-06-15 16:59:35,359: INFO: prepare_base: Base Model updated and saved successfully at artifacts\prepare_base_model\base_model_updated.h5]
[2024-06-15 16:59:35,361: INFO: main: >>>>>> stage Prepare Base Model completed <<<<<<

]
[2024-06-15 17:07:17,172: INFO: main: >>>>>> stage Data Ingestion started <<<<<<]
[2024-06-15 17:07:17,174: INFO: common: yaml file: config\config.yaml loaded successfully]
[2024-06-15 17:07:17,176: INFO: common: yaml file: params.yaml loaded successfully]
[2024-06-15 17:07:17,177: INFO: common: created directory at: artifacts]
[2024-06-15 17:07:17,177: INFO: common: created directory at: artifacts/data_ingestion]
[2024-06-15 17:07:17,178: INFO: data_ingestion: Downloading data from https://drive.google.com/file/d/1vlhZ5c7abUKF8xXERIw6m9Te8fW7ohw3/view?usp=sharing into file artifacts/data_ingestion/data.zip]
[2024-06-15 17:07:21,295: INFO: data_ingestion: Downloaded data from https://drive.google.com/file/d/1vlhZ5c7abUKF8xXERIw6m9Te8fW7ohw3/view?usp=sharing into file artifacts/data_ingestion/data.zip]
[2024-06-15 17:07:22,400: INFO: data_ingestion: Unzipped data to artifacts/data_ingestion]
[2024-06-15 17:07:22,400: INFO: main: >>>>>> stage Data Ingestion completed <<<<<<

]
[2024-06-15 17:07:22,401: INFO: main: >>>>>> stage Prepare Base Model started <<<<<<]
[2024-06-15 17:07:22,403: INFO: common: yaml file: config\config.yaml loaded successfully]
[2024-06-15 17:07:22,404: INFO: common: yaml file: params.yaml loaded successfully]
[2024-06-15 17:07:22,406: INFO: common: created directory at: artifacts]
[2024-06-15 17:07:22,406: INFO: common: created directory at: artifacts/prepare_base_model]
[2024-06-15 17:07:22,884: WARNING: saving_utils: Compiled the loaded model, but the compiled metrics have yet to be built. `model.compile_metrics` will be empty until you train or evaluate the model.]
[2024-06-15 17:07:23,841: INFO: prepare_base: Base Model saved successfully at artifacts\prepare_base_model\base_model.h5]
[2024-06-15 17:07:24,027: INFO: prepare_base: Base Model updated and saved successfully at artifacts\prepare_base_model\base_model_updated.h5]
[2024-06-15 17:07:24,028: INFO: main: >>>>>> stage Prepare Base Model completed <<<<<<

]
[2024-06-15 17:26:11,224: INFO: common: yaml file: config\config.yaml loaded successfully]
[2024-06-15 17:26:11,229: INFO: common: yaml file: params.yaml loaded successfully]
[2024-06-15 17:26:11,230: INFO: common: created directory at: artifacts]
[2024-06-15 17:26:11,233: INFO: common: created directory at: artifacts\training]
[2024-06-15 17:33:35,814: INFO: main: >>>>>> stage Data Ingestion started <<<<<<]
[2024-06-15 17:33:35,817: INFO: common: yaml file: config\config.yaml loaded successfully]
[2024-06-15 17:33:35,823: INFO: common: yaml file: params.yaml loaded successfully]
[2024-06-15 17:33:35,824: INFO: common: created directory at: artifacts]
[2024-06-15 17:33:35,825: INFO: common: created directory at: artifacts/data_ingestion]
[2024-06-15 17:33:35,826: INFO: data_ingestion: Downloading data from https://drive.google.com/file/d/1vlhZ5c7abUKF8xXERIw6m9Te8fW7ohw3/view?usp=sharing into file artifacts/data_ingestion/data.zip]
[2024-06-15 17:33:40,469: INFO: data_ingestion: Downloaded data from https://drive.google.com/file/d/1vlhZ5c7abUKF8xXERIw6m9Te8fW7ohw3/view?usp=sharing into file artifacts/data_ingestion/data.zip]
[2024-06-15 17:33:41,506: INFO: data_ingestion: Unzipped data to artifacts/data_ingestion]
[2024-06-15 17:33:41,508: INFO: main: >>>>>> stage Data Ingestion completed <<<<<<

]
[2024-06-15 17:33:41,509: INFO: main: >>>>>> stage Prepare Base Model started <<<<<<]
[2024-06-15 17:33:41,518: INFO: common: yaml file: config\config.yaml loaded successfully]
[2024-06-15 17:33:41,525: INFO: common: yaml file: params.yaml loaded successfully]
[2024-06-15 17:33:41,527: INFO: common: created directory at: artifacts]
[2024-06-15 17:33:41,529: INFO: common: created directory at: artifacts/prepare_base_model]
[2024-06-15 17:33:42,091: WARNING: saving_utils: Compiled the loaded model, but the compiled metrics have yet to be built. `model.compile_metrics` will be empty until you train or evaluate the model.]
[2024-06-15 17:33:42,179: INFO: prepare_base: Base Model saved successfully at artifacts\prepare_base_model\base_model.h5]
[2024-06-15 17:33:42,324: INFO: prepare_base: Base Model updated and saved successfully at artifacts\prepare_base_model\base_model_updated.h5]
[2024-06-15 17:33:42,325: INFO: main: >>>>>> stage Prepare Base Model completed <<<<<<

]
[2024-06-15 17:33:42,325: INFO: main: >>>>>> stage Model Training started <<<<<<]
[2024-06-15 17:33:42,328: INFO: common: yaml file: config\config.yaml loaded successfully]
[2024-06-15 17:33:42,330: INFO: common: yaml file: params.yaml loaded successfully]
[2024-06-15 17:33:42,331: INFO: common: created directory at: artifacts]
[2024-06-15 17:33:42,336: INFO: common: created directory at: artifacts\training]
[2024-06-15 17:50:13,333: INFO: main: >>>>>> stage Model Training completed <<<<<<

]
[2024-06-15 18:33:40,234: INFO: main: >>>>>> stage Data Ingestion started <<<<<<]
[2024-06-15 18:33:40,237: INFO: common: yaml file: config\config.yaml loaded successfully]
[2024-06-15 18:33:40,245: INFO: common: yaml file: params.yaml loaded successfully]
[2024-06-15 18:33:40,258: INFO: common: created directory at: artifacts]
[2024-06-15 18:33:40,259: INFO: common: created directory at: artifacts/data_ingestion]
[2024-06-15 18:33:40,260: INFO: data_ingestion: Downloading data from https://drive.google.com/file/d/1vlhZ5c7abUKF8xXERIw6m9Te8fW7ohw3/view?usp=sharing into file artifacts/data_ingestion/data.zip]
[2024-06-15 18:33:47,176: INFO: data_ingestion: Downloaded data from https://drive.google.com/file/d/1vlhZ5c7abUKF8xXERIw6m9Te8fW7ohw3/view?usp=sharing into file artifacts/data_ingestion/data.zip]
[2024-06-15 18:33:48,030: INFO: data_ingestion: Unzipped data to artifacts/data_ingestion]
[2024-06-15 18:33:48,031: INFO: main: >>>>>> stage Data Ingestion completed <<<<<<

]
[2024-06-15 18:33:48,031: INFO: main: >>>>>> stage Prepare Base Model started <<<<<<]
[2024-06-15 18:33:48,034: INFO: common: yaml file: config\config.yaml loaded successfully]
[2024-06-15 18:33:48,036: INFO: common: yaml file: params.yaml loaded successfully]
[2024-06-15 18:33:48,037: INFO: common: created directory at: artifacts]
[2024-06-15 18:33:48,037: INFO: common: created directory at: artifacts/prepare_base_model]
[2024-06-15 18:33:48,516: WARNING: saving_utils: Compiled the loaded model, but the compiled metrics have yet to be built. `model.compile_metrics` will be empty until you train or evaluate the model.]
[2024-06-15 18:33:48,590: INFO: prepare_base: Base Model saved successfully at artifacts\prepare_base_model\base_model.h5]
[2024-06-15 18:33:48,722: INFO: prepare_base: Base Model updated and saved successfully at artifacts\prepare_base_model\base_model_updated.h5]
[2024-06-15 18:33:48,723: INFO: main: >>>>>> stage Prepare Base Model completed <<<<<<

]
[2024-06-15 18:33:48,723: INFO: main: >>>>>> stage Model Training started <<<<<<]
[2024-06-15 18:33:48,726: INFO: common: yaml file: config\config.yaml loaded successfully]
[2024-06-15 18:33:48,729: INFO: common: yaml file: params.yaml loaded successfully]
[2024-06-15 18:33:48,729: INFO: common: created directory at: artifacts]
[2024-06-15 18:33:48,730: INFO: common: created directory at: artifacts\training]
[2024-06-15 18:52:09,117: INFO: main: >>>>>> stage Model Training completed <<<<<<

]
[2024-06-16 00:22:03,922: INFO: common: yaml file: config\config.yaml loaded successfully]
[2024-06-16 00:22:03,935: INFO: common: yaml file: params.yaml loaded successfully]
[2024-06-16 00:22:03,937: INFO: common: created directory at: artifacts]
[2024-06-16 00:22:20,177: INFO: common: json file saved at: scores.json]
[2024-06-16 00:22:23,344: WARNING: save: Found untraced functions such as _jit_compiled_convolution_op, _jit_compiled_convolution_op, _jit_compiled_convolution_op, _jit_compiled_convolution_op, _jit_compiled_convolution_op while saving (showing 5 of 14). These functions will not be directly callable after loading.]
[2024-06-16 00:22:24,456: INFO: builder_impl: Assets written to: C:\Users\91972\AppData\Local\Temp\tmp8ap8j_sc\model\data\model\assets]
[2024-06-16 00:40:28,794: INFO: main: >>>>>> stage Data Ingestion started <<<<<<]
[2024-06-16 00:40:28,799: INFO: common: yaml file: config\config.yaml loaded successfully]
[2024-06-16 00:40:28,807: INFO: common: yaml file: params.yaml loaded successfully]
[2024-06-16 00:40:28,808: INFO: common: created directory at: artifacts]
[2024-06-16 00:40:28,809: INFO: common: created directory at: artifacts/data_ingestion]
[2024-06-16 00:40:28,810: INFO: data_ingestion: Downloading data from https://drive.google.com/file/d/1vlhZ5c7abUKF8xXERIw6m9Te8fW7ohw3/view?usp=sharing into file artifacts/data_ingestion/data.zip]
[2024-06-16 00:40:34,762: INFO: data_ingestion: Downloaded data from https://drive.google.com/file/d/1vlhZ5c7abUKF8xXERIw6m9Te8fW7ohw3/view?usp=sharing into file artifacts/data_ingestion/data.zip]
[2024-06-16 00:40:36,014: INFO: data_ingestion: Unzipped data to artifacts/data_ingestion]
[2024-06-16 00:40:36,014: INFO: main: >>>>>> stage Data Ingestion completed <<<<<<

]
[2024-06-16 00:40:36,014: INFO: main: >>>>>> stage Prepare Base Model started <<<<<<]
[2024-06-16 00:40:36,018: INFO: common: yaml file: config\config.yaml loaded successfully]
[2024-06-16 00:40:36,020: INFO: common: yaml file: params.yaml loaded successfully]
[2024-06-16 00:40:36,021: INFO: common: created directory at: artifacts]
[2024-06-16 00:40:36,022: INFO: common: created directory at: artifacts/prepare_base_model]
[2024-06-16 00:40:36,749: WARNING: saving_utils: Compiled the loaded model, but the compiled metrics have yet to be built. `model.compile_metrics` will be empty until you train or evaluate the model.]
[2024-06-16 00:40:36,925: INFO: prepare_base: Base Model saved successfully at artifacts\prepare_base_model\base_model.h5]
[2024-06-16 00:40:37,141: INFO: prepare_base: Base Model updated and saved successfully at artifacts\prepare_base_model\base_model_updated.h5]
[2024-06-16 00:40:37,142: INFO: main: >>>>>> stage Prepare Base Model completed <<<<<<

]
[2024-06-16 00:40:37,142: INFO: main: >>>>>> stage Model Training started <<<<<<]
[2024-06-16 00:40:37,146: INFO: common: yaml file: config\config.yaml loaded successfully]
[2024-06-16 00:40:37,148: INFO: common: yaml file: params.yaml loaded successfully]
[2024-06-16 00:40:37,148: INFO: common: created directory at: artifacts]
[2024-06-16 00:40:37,149: INFO: common: created directory at: artifacts\training]
[2024-06-16 00:49:59,341: INFO: main: >>>>>> stage Model Training completed <<<<<<

]
[2024-06-16 00:49:59,342: INFO: main: >>>>>> stage Model Evaluation started <<<<<<]
[2024-06-16 00:49:59,345: INFO: common: yaml file: config\config.yaml loaded successfully]
[2024-06-16 00:49:59,348: INFO: common: yaml file: params.yaml loaded successfully]
[2024-06-16 00:49:59,349: INFO: common: created directory at: artifacts]
[2024-06-16 00:50:00,082: ERROR: main: name 'model' is not defined]
Traceback (most recent call last):
  File "f:/College/Masters/Summer 2024/Kidney Classification/main.py", line 45, in <module>
    model_eval.main()
  File "f:\college\masters\summer 2024\kidney classification\src\tumorClassifier\pipeline\stage_04_model_evaluation.py", line 17, in main
    evaluation.evaluation()
  File "f:\college\masters\summer 2024\kidney classification\src\tumorClassifier\components\model_evaluation.py", line 50, in evaluation
    self.score = model.evaluate(self.valid_generator)
NameError: name 'model' is not defined
[2024-06-16 00:53:02,286: INFO: main: >>>>>> stage Data Ingestion started <<<<<<]
[2024-06-16 00:53:02,288: INFO: common: yaml file: config\config.yaml loaded successfully]
[2024-06-16 00:53:02,290: INFO: common: yaml file: params.yaml loaded successfully]
[2024-06-16 00:53:02,291: INFO: common: created directory at: artifacts]
[2024-06-16 00:53:02,292: INFO: common: created directory at: artifacts/data_ingestion]
[2024-06-16 00:53:02,292: INFO: data_ingestion: Downloading data from https://drive.google.com/file/d/1vlhZ5c7abUKF8xXERIw6m9Te8fW7ohw3/view?usp=sharing into file artifacts/data_ingestion/data.zip]
[2024-06-16 00:53:10,155: INFO: data_ingestion: Downloaded data from https://drive.google.com/file/d/1vlhZ5c7abUKF8xXERIw6m9Te8fW7ohw3/view?usp=sharing into file artifacts/data_ingestion/data.zip]
[2024-06-16 00:53:11,096: INFO: data_ingestion: Unzipped data to artifacts/data_ingestion]
[2024-06-16 00:53:11,097: INFO: main: >>>>>> stage Data Ingestion completed <<<<<<

]
[2024-06-16 00:53:11,097: INFO: main: >>>>>> stage Prepare Base Model started <<<<<<]
[2024-06-16 00:53:11,099: INFO: common: yaml file: config\config.yaml loaded successfully]
[2024-06-16 00:53:11,102: INFO: common: yaml file: params.yaml loaded successfully]
[2024-06-16 00:53:11,102: INFO: common: created directory at: artifacts]
[2024-06-16 00:53:11,102: INFO: common: created directory at: artifacts/prepare_base_model]
[2024-06-16 00:53:11,586: WARNING: saving_utils: Compiled the loaded model, but the compiled metrics have yet to be built. `model.compile_metrics` will be empty until you train or evaluate the model.]
[2024-06-16 00:53:11,667: INFO: prepare_base: Base Model saved successfully at artifacts\prepare_base_model\base_model.h5]
[2024-06-16 00:53:11,826: INFO: prepare_base: Base Model updated and saved successfully at artifacts\prepare_base_model\base_model_updated.h5]
[2024-06-16 00:53:11,826: INFO: main: >>>>>> stage Prepare Base Model completed <<<<<<

]
[2024-06-16 00:53:11,827: INFO: main: >>>>>> stage Model Training started <<<<<<]
[2024-06-16 00:53:11,831: INFO: common: yaml file: config\config.yaml loaded successfully]
[2024-06-16 00:53:11,834: INFO: common: yaml file: params.yaml loaded successfully]
[2024-06-16 00:53:11,835: INFO: common: created directory at: artifacts]
[2024-06-16 00:53:11,836: INFO: common: created directory at: artifacts\training]
[2024-06-16 01:02:07,651: INFO: main: >>>>>> stage Model Training completed <<<<<<

]
[2024-06-16 01:02:07,651: INFO: main: >>>>>> stage Model Evaluation started <<<<<<]
[2024-06-16 01:02:07,654: INFO: common: yaml file: config\config.yaml loaded successfully]
[2024-06-16 01:02:07,663: INFO: common: yaml file: params.yaml loaded successfully]
[2024-06-16 01:02:07,664: INFO: common: created directory at: artifacts]
[2024-06-16 01:02:25,162: INFO: common: json file saved at: scores.json]
[2024-06-16 01:02:27,951: WARNING: save: Found untraced functions such as _jit_compiled_convolution_op, _jit_compiled_convolution_op, _jit_compiled_convolution_op, _jit_compiled_convolution_op, _jit_compiled_convolution_op while saving (showing 5 of 14). These functions will not be directly callable after loading.]
[2024-06-16 01:02:28,744: INFO: builder_impl: Assets written to: C:\Users\91972\AppData\Local\Temp\tmpttqb9dug\model\data\model\assets]
[2024-06-16 01:02:38,838: INFO: dir_util: creating F:\College\Masters\Summer 2024\Kidney Classification\mlruns\0\5ad2363d083c4ef786edcdb16a53af99\artifacts\model\data]
[2024-06-16 01:02:38,843: INFO: dir_util: creating F:\College\Masters\Summer 2024\Kidney Classification\mlruns\0\5ad2363d083c4ef786edcdb16a53af99\artifacts\model\data\model]
[2024-06-16 01:02:38,846: INFO: dir_util: creating F:\College\Masters\Summer 2024\Kidney Classification\mlruns\0\5ad2363d083c4ef786edcdb16a53af99\artifacts\model\data\model\assets]
[2024-06-16 01:02:38,859: INFO: dir_util: creating F:\College\Masters\Summer 2024\Kidney Classification\mlruns\0\5ad2363d083c4ef786edcdb16a53af99\artifacts\model\data\model\variables]
[2024-06-16 01:02:39,050: INFO: main: >>>>>> stage Model Evaluation completed <<<<<<

]
[2024-06-16 01:05:07,680: INFO: main: >>>>>> stage Prepare Base Model started <<<<<<]
[2024-06-16 01:05:07,683: INFO: common: yaml file: config\config.yaml loaded successfully]
[2024-06-16 01:05:07,685: INFO: common: yaml file: params.yaml loaded successfully]
[2024-06-16 01:05:07,686: INFO: common: created directory at: artifacts]
[2024-06-16 01:05:07,687: INFO: common: created directory at: artifacts/prepare_base_model]
[2024-06-16 01:05:08,268: WARNING: saving_utils: Compiled the loaded model, but the compiled metrics have yet to be built. `model.compile_metrics` will be empty until you train or evaluate the model.]
[2024-06-16 01:05:08,739: INFO: prepare_base: Base Model saved successfully at artifacts\prepare_base_model\base_model.h5]
[2024-06-16 01:05:09,377: INFO: prepare_base: Base Model updated and saved successfully at artifacts\prepare_base_model\base_model_updated.h5]
[2024-06-16 01:05:09,378: INFO: main: >>>>>> stage Prepare Base Model completed <<<<<<

]
[2024-06-16 01:05:09,380: INFO: main: >>>>>> stage Model Training started <<<<<<]
[2024-06-16 01:05:09,389: INFO: common: yaml file: config\config.yaml loaded successfully]
[2024-06-16 01:05:09,396: INFO: common: yaml file: params.yaml loaded successfully]
[2024-06-16 01:05:09,398: INFO: common: created directory at: artifacts]
[2024-06-16 01:05:09,400: INFO: common: created directory at: artifacts\training]
[2024-06-16 01:07:23,401: INFO: main: >>>>>> stage Prepare Base Model started <<<<<<]
[2024-06-16 01:07:23,404: INFO: common: yaml file: config\config.yaml loaded successfully]
[2024-06-16 01:07:23,406: INFO: common: yaml file: params.yaml loaded successfully]
[2024-06-16 01:07:23,407: INFO: common: created directory at: artifacts]
[2024-06-16 01:07:23,407: INFO: common: created directory at: artifacts/prepare_base_model]
[2024-06-16 01:07:24,074: WARNING: saving_utils: Compiled the loaded model, but the compiled metrics have yet to be built. `model.compile_metrics` will be empty until you train or evaluate the model.]
[2024-06-16 01:07:24,558: INFO: prepare_base: Base Model saved successfully at artifacts\prepare_base_model\base_model.h5]
[2024-06-16 01:07:25,595: INFO: prepare_base: Base Model updated and saved successfully at artifacts\prepare_base_model\base_model_updated.h5]
[2024-06-16 01:07:25,597: INFO: main: >>>>>> stage Prepare Base Model completed <<<<<<

]
[2024-06-16 01:07:25,598: INFO: main: >>>>>> stage Model Training started <<<<<<]
[2024-06-16 01:07:25,608: INFO: common: yaml file: config\config.yaml loaded successfully]
[2024-06-16 01:07:25,615: INFO: common: yaml file: params.yaml loaded successfully]
[2024-06-16 01:07:25,617: INFO: common: created directory at: artifacts]
[2024-06-16 01:07:25,618: INFO: common: created directory at: artifacts\training]
[2024-06-16 01:11:58,961: INFO: main: >>>>>> stage Model Training completed <<<<<<

]
[2024-06-16 01:11:58,963: INFO: main: >>>>>> stage Model Evaluation started <<<<<<]
[2024-06-16 01:11:58,971: INFO: common: yaml file: config\config.yaml loaded successfully]
[2024-06-16 01:11:58,977: INFO: common: yaml file: params.yaml loaded successfully]
[2024-06-16 01:11:58,980: INFO: common: created directory at: artifacts]
[2024-06-16 01:12:16,199: INFO: common: json file saved at: scores.json]
[2024-06-16 01:12:18,374: WARNING: save: Found untraced functions such as _jit_compiled_convolution_op, _jit_compiled_convolution_op, _jit_compiled_convolution_op, _jit_compiled_convolution_op, _jit_compiled_convolution_op while saving (showing 5 of 14). These functions will not be directly callable after loading.]
[2024-06-16 01:12:19,135: INFO: builder_impl: Assets written to: C:\Users\91972\AppData\Local\Temp\tmp1bser44p\model\data\model\assets]
[2024-06-16 01:12:29,779: INFO: dir_util: creating F:\College\Masters\Summer 2024\Kidney Classification\mlruns\0\7e10f76eb39b4bb5a50e15aa14a1e3e1\artifacts\model\data]
[2024-06-16 01:12:29,783: INFO: dir_util: creating F:\College\Masters\Summer 2024\Kidney Classification\mlruns\0\7e10f76eb39b4bb5a50e15aa14a1e3e1\artifacts\model\data\model]
[2024-06-16 01:12:29,785: INFO: dir_util: creating F:\College\Masters\Summer 2024\Kidney Classification\mlruns\0\7e10f76eb39b4bb5a50e15aa14a1e3e1\artifacts\model\data\model\assets]
[2024-06-16 01:12:29,795: INFO: dir_util: creating F:\College\Masters\Summer 2024\Kidney Classification\mlruns\0\7e10f76eb39b4bb5a50e15aa14a1e3e1\artifacts\model\data\model\variables]
[2024-06-16 01:12:29,936: INFO: main: >>>>>> stage Model Evaluation completed <<<<<<

]
